Copyright 1986-2022 Xilinx, Inc. All Rights Reserved. Copyright 2022-2025 Advanced Micro Devices, Inc. All Rights Reserved.
---------------------------------------------------------------------------------------------------------------------------------------------
| Tool Version : Vivado v.2025.1 (win64) Build 6140274 Thu May 22 00:12:29 MDT 2025
| Date         : Thu Nov  6 09:44:33 2025
| Host         : EMBKSM running 64-bit major release  (build 9200)
| Command      : upgrade_ip
| Device       : xc7z020clg400-1
---------------------------------------------------------------------------------------------------------------------------------------------

Upgrade Log for IP 'design_1_I2C_Reader_4_0'

1. Summary
----------

CAUTION (success, with warnings) in the upgrade of design_1_I2C_Reader_4_0 (xilinx.com:user:I2C_Reader:1.0) from (Rev. 2) to (Rev. 3)

After upgrade, an IP may have parameter and port differences compared to the original customization. Please review the parameters within the IP customization GUI to ensure proper functionality. Also, please review the updated IP instantiation template to ensure proper connectivity, and update your design if required.

2. Connection Warnings
----------------------

Detected external port differences while upgrading 'design_1_I2C_Reader_4_0'. These changes may impact your design.


-Upgraded port 'scl' inout differs from original direction out







Copyright 1986-2022 Xilinx, Inc. All Rights Reserved. Copyright 2022-2025 Advanced Micro Devices, Inc. All Rights Reserved.
---------------------------------------------------------------------------------------------------------------------------------------------
| Tool Version : Vivado v.2025.1 (win64) Build 6140274 Thu May 22 00:12:29 MDT 2025
| Date         : Thu Nov  6 09:44:33 2025
| Host         : EMBKSM running 64-bit major release  (build 9200)
| Command      : upgrade_ip
| Device       : xc7z020clg400-1
---------------------------------------------------------------------------------------------------------------------------------------------

Upgrade Log for IP 'design_1_I2C_Reader_3_0'

1. Summary
----------

CAUTION (success, with warnings) in the upgrade of design_1_I2C_Reader_3_0 (xilinx.com:user:I2C_Reader:1.0) from (Rev. 2) to (Rev. 3)

After upgrade, an IP may have parameter and port differences compared to the original customization. Please review the parameters within the IP customization GUI to ensure proper functionality. Also, please review the updated IP instantiation template to ensure proper connectivity, and update your design if required.

2. Connection Warnings
----------------------

Detected external port differences while upgrading 'design_1_I2C_Reader_3_0'. These changes may impact your design.


-Upgraded port 'scl' inout differs from original direction out







Copyright 1986-2022 Xilinx, Inc. All Rights Reserved. Copyright 2022-2025 Advanced Micro Devices, Inc. All Rights Reserved.
---------------------------------------------------------------------------------------------------------------------------------------------
| Tool Version : Vivado v.2025.1 (win64) Build 6140274 Thu May 22 00:12:29 MDT 2025
| Date         : Thu Nov  6 09:44:33 2025
| Host         : EMBKSM running 64-bit major release  (build 9200)
| Command      : upgrade_ip
| Device       : xc7z020clg400-1
---------------------------------------------------------------------------------------------------------------------------------------------

Upgrade Log for IP 'design_1_I2C_Reader_2_0'

1. Summary
----------

CAUTION (success, with warnings) in the upgrade of design_1_I2C_Reader_2_0 (xilinx.com:user:I2C_Reader:1.0) from (Rev. 2) to (Rev. 3)

After upgrade, an IP may have parameter and port differences compared to the original customization. Please review the parameters within the IP customization GUI to ensure proper functionality. Also, please review the updated IP instantiation template to ensure proper connectivity, and update your design if required.

2. Connection Warnings
----------------------

Detected external port differences while upgrading 'design_1_I2C_Reader_2_0'. These changes may impact your design.


-Upgraded port 'scl' inout differs from original direction out







Copyright 1986-2022 Xilinx, Inc. All Rights Reserved. Copyright 2022-2025 Advanced Micro Devices, Inc. All Rights Reserved.
---------------------------------------------------------------------------------------------------------------------------------------------
| Tool Version : Vivado v.2025.1 (win64) Build 6140274 Thu May 22 00:12:29 MDT 2025
| Date         : Thu Nov  6 09:44:33 2025
| Host         : EMBKSM running 64-bit major release  (build 9200)
| Command      : upgrade_ip
| Device       : xc7z020clg400-1
---------------------------------------------------------------------------------------------------------------------------------------------

Upgrade Log for IP 'design_1_I2C_Reader_1_0'

1. Summary
----------

CAUTION (success, with warnings) in the upgrade of design_1_I2C_Reader_1_0 (xilinx.com:user:I2C_Reader:1.0) from (Rev. 2) to (Rev. 3)

After upgrade, an IP may have parameter and port differences compared to the original customization. Please review the parameters within the IP customization GUI to ensure proper functionality. Also, please review the updated IP instantiation template to ensure proper connectivity, and update your design if required.

2. Connection Warnings
----------------------

Detected external port differences while upgrading 'design_1_I2C_Reader_1_0'. These changes may impact your design.


-Upgraded port 'scl' inout differs from original direction out







Copyright 1986-2022 Xilinx, Inc. All Rights Reserved. Copyright 2022-2025 Advanced Micro Devices, Inc. All Rights Reserved.
---------------------------------------------------------------------------------------------------------------------------------------------
| Tool Version : Vivado v.2025.1 (win64) Build 6140274 Thu May 22 00:12:29 MDT 2025
| Date         : Thu Nov  6 09:44:33 2025
| Host         : EMBKSM running 64-bit major release  (build 9200)
| Command      : upgrade_ip
| Device       : xc7z020clg400-1
---------------------------------------------------------------------------------------------------------------------------------------------

Upgrade Log for IP 'design_1_I2C_Reader_0_0'

1. Summary
----------

CAUTION (success, with warnings) in the upgrade of design_1_I2C_Reader_0_0 (xilinx.com:user:I2C_Reader:1.0) from (Rev. 2) to (Rev. 3)

After upgrade, an IP may have parameter and port differences compared to the original customization. Please review the parameters within the IP customization GUI to ensure proper functionality. Also, please review the updated IP instantiation template to ensure proper connectivity, and update your design if required.

2. Connection Warnings
----------------------

Detected external port differences while upgrading 'design_1_I2C_Reader_0_0'. These changes may impact your design.


-Upgraded port 'scl' inout differs from original direction out







Copyright 1986-2022 Xilinx, Inc. All Rights Reserved. Copyright 2022-2025 Advanced Micro Devices, Inc. All Rights Reserved.
---------------------------------------------------------------------------------------------------------------------------------------------
| Tool Version : Vivado v.2025.1 (win64) Build 6140274 Thu May 22 00:12:29 MDT 2025
| Date         : Wed Nov  5 23:22:33 2025
| Host         : EMBKSM running 64-bit major release  (build 9200)
| Command      : upgrade_ip
| Device       : xc7z020clg400-1
---------------------------------------------------------------------------------------------------------------------------------------------

Upgrade Log for IP 'design_1_IMU_relay_3_0'

1. Summary
----------

CAUTION (success, with warnings) in the upgrade of design_1_IMU_relay_3_0 (xilinx.com:user:IMU_relay:1.0) from (Rev. 1) to (Rev. 3)

After upgrade, an IP may have parameter and port differences compared to the original customization. Please review the parameters within the IP customization GUI to ensure proper functionality. Also, please review the updated IP instantiation template to ensure proper connectivity, and update your design if required.

2. Connection Warnings
----------------------

Detected external port differences while upgrading 'design_1_IMU_relay_3_0'. These changes may impact your design.


-Upgraded port 'm00_axis_tdata' width 64 differs from original width 32

-Upgraded port 'm00_axis_tstrb' width 8 differs from original width 4

-Upgraded port 's00_axis_tdata' width 64 differs from original width 32

-Upgraded port 's00_axis_tstrb' width 8 differs from original width 4


3. Customization warnings
-------------------------

An attempt to modify the value of disabled parameter 'C_S00_AXIS_TDATA_WIDTH' from '64' to '32' has been ignored for IP 'design_1_IMU_relay_3_0'

An attempt to modify the value of disabled parameter 'C_M00_AXIS_TDATA_WIDTH' from '64' to '32' has been ignored for IP 'design_1_IMU_relay_3_0'


4. Debug Commands
-----------------

  The following debug information can be passed to Vivado as Tcl commands,
in order to validate or debug the output of the upgrade flow.
  You may consult any warnings from within this upgrade, and alter or remove
the configuration parameter(s) which caused the warning; then execute the Tcl
commands, and use the IP Customization GUI to verify the IP configuration.

create_ip -vlnv xilinx.com:user:IMU_relay:1.0 -user_name design_1_IMU_relay_3_0
set_property -dict "\
  CONFIG.C_M00_AXIS_START_COUNT {32} \
  CONFIG.C_M00_AXIS_TDATA_WIDTH {32} \
  CONFIG.C_S00_AXIS_TDATA_WIDTH {32} \
  CONFIG.C_S00_AXI_ADDR_WIDTH {4} \
  CONFIG.C_S00_AXI_BASEADDR {0xFFFFFFFF} \
  CONFIG.C_S00_AXI_DATA_WIDTH {32} \
  CONFIG.C_S00_AXI_HIGHADDR {0x00000000} \
  CONFIG.Component_Name {design_1_IMU_relay_3_0} \
  CONFIG.M00_AXIS.CLK_DOMAIN {} \
  CONFIG.M00_AXIS.FREQ_HZ {100000000} \
  CONFIG.M00_AXIS.HAS_TKEEP {0} \
  CONFIG.M00_AXIS.HAS_TLAST {1} \
  CONFIG.M00_AXIS.HAS_TREADY {1} \
  CONFIG.M00_AXIS.HAS_TSTRB {1} \
  CONFIG.M00_AXIS.INSERT_VIP {0} \
  CONFIG.M00_AXIS.LAYERED_METADATA {undef} \
  CONFIG.M00_AXIS.PHASE {0.0} \
  CONFIG.M00_AXIS.TDATA_NUM_BYTES {4} \
  CONFIG.M00_AXIS.TDEST_WIDTH {0} \
  CONFIG.M00_AXIS.TID_WIDTH {0} \
  CONFIG.M00_AXIS.TUSER_WIDTH {0} \
  CONFIG.M00_AXIS.WIZ_DATA_WIDTH {32} \
  CONFIG.M00_AXIS_CLK.ASSOCIATED_BUSIF {M00_AXIS} \
  CONFIG.M00_AXIS_CLK.ASSOCIATED_PORT {} \
  CONFIG.M00_AXIS_CLK.ASSOCIATED_RESET {m00_axis_aresetn} \
  CONFIG.M00_AXIS_CLK.CLK_DOMAIN {} \
  CONFIG.M00_AXIS_CLK.FREQ_HZ {100000000} \
  CONFIG.M00_AXIS_CLK.FREQ_TOLERANCE_HZ {0} \
  CONFIG.M00_AXIS_CLK.INSERT_VIP {0} \
  CONFIG.M00_AXIS_CLK.PHASE {0.0} \
  CONFIG.M00_AXIS_RST.INSERT_VIP {0} \
  CONFIG.M00_AXIS_RST.POLARITY {ACTIVE_LOW} \
  CONFIG.S00_AXI.ADDR_WIDTH {4} \
  CONFIG.S00_AXI.ARUSER_WIDTH {0} \
  CONFIG.S00_AXI.AWUSER_WIDTH {0} \
  CONFIG.S00_AXI.BUSER_WIDTH {0} \
  CONFIG.S00_AXI.CLK_DOMAIN {} \
  CONFIG.S00_AXI.DATA_WIDTH {32} \
  CONFIG.S00_AXI.FREQ_HZ {100000000} \
  CONFIG.S00_AXI.HAS_BRESP {1} \
  CONFIG.S00_AXI.HAS_BURST {0} \
  CONFIG.S00_AXI.HAS_CACHE {0} \
  CONFIG.S00_AXI.HAS_LOCK {0} \
  CONFIG.S00_AXI.HAS_PROT {1} \
  CONFIG.S00_AXI.HAS_QOS {0} \
  CONFIG.S00_AXI.HAS_REGION {0} \
  CONFIG.S00_AXI.HAS_RRESP {1} \
  CONFIG.S00_AXI.HAS_WSTRB {1} \
  CONFIG.S00_AXI.ID_WIDTH {0} \
  CONFIG.S00_AXI.INSERT_VIP {0} \
  CONFIG.S00_AXI.MAX_BURST_LENGTH {1} \
  CONFIG.S00_AXI.NUM_READ_OUTSTANDING {1} \
  CONFIG.S00_AXI.NUM_READ_THREADS {1} \
  CONFIG.S00_AXI.NUM_WRITE_OUTSTANDING {1} \
  CONFIG.S00_AXI.NUM_WRITE_THREADS {1} \
  CONFIG.S00_AXI.PHASE {0.0} \
  CONFIG.S00_AXI.PROTOCOL {AXI4LITE} \
  CONFIG.S00_AXI.READ_WRITE_MODE {READ_WRITE} \
  CONFIG.S00_AXI.RUSER_BITS_PER_BYTE {0} \
  CONFIG.S00_AXI.RUSER_WIDTH {0} \
  CONFIG.S00_AXI.SUPPORTS_NARROW_BURST {0} \
  CONFIG.S00_AXI.WIZ_DATA_WIDTH {32} \
  CONFIG.S00_AXI.WIZ_NUM_REG {4} \
  CONFIG.S00_AXI.WUSER_BITS_PER_BYTE {0} \
  CONFIG.S00_AXI.WUSER_WIDTH {0} \
  CONFIG.S00_AXIS.CLK_DOMAIN {} \
  CONFIG.S00_AXIS.FREQ_HZ {100000000} \
  CONFIG.S00_AXIS.HAS_TKEEP {0} \
  CONFIG.S00_AXIS.HAS_TLAST {1} \
  CONFIG.S00_AXIS.HAS_TREADY {1} \
  CONFIG.S00_AXIS.HAS_TSTRB {1} \
  CONFIG.S00_AXIS.INSERT_VIP {0} \
  CONFIG.S00_AXIS.LAYERED_METADATA {undef} \
  CONFIG.S00_AXIS.PHASE {0.0} \
  CONFIG.S00_AXIS.TDATA_NUM_BYTES {4} \
  CONFIG.S00_AXIS.TDEST_WIDTH {0} \
  CONFIG.S00_AXIS.TID_WIDTH {0} \
  CONFIG.S00_AXIS.TUSER_WIDTH {0} \
  CONFIG.S00_AXIS.WIZ_DATA_WIDTH {32} \
  CONFIG.S00_AXIS_CLK.ASSOCIATED_BUSIF {S00_AXIS} \
  CONFIG.S00_AXIS_CLK.ASSOCIATED_PORT {} \
  CONFIG.S00_AXIS_CLK.ASSOCIATED_RESET {s00_axis_aresetn} \
  CONFIG.S00_AXIS_CLK.CLK_DOMAIN {} \
  CONFIG.S00_AXIS_CLK.FREQ_HZ {100000000} \
  CONFIG.S00_AXIS_CLK.FREQ_TOLERANCE_HZ {0} \
  CONFIG.S00_AXIS_CLK.INSERT_VIP {0} \
  CONFIG.S00_AXIS_CLK.PHASE {0.0} \
  CONFIG.S00_AXIS_RST.INSERT_VIP {0} \
  CONFIG.S00_AXIS_RST.POLARITY {ACTIVE_LOW} \
  CONFIG.S00_AXI_CLK.ASSOCIATED_BUSIF {S00_AXI} \
  CONFIG.S00_AXI_CLK.ASSOCIATED_PORT {} \
  CONFIG.S00_AXI_CLK.ASSOCIATED_RESET {s00_axi_aresetn} \
  CONFIG.S00_AXI_CLK.CLK_DOMAIN {} \
  CONFIG.S00_AXI_CLK.FREQ_HZ {100000000} \
  CONFIG.S00_AXI_CLK.FREQ_TOLERANCE_HZ {0} \
  CONFIG.S00_AXI_CLK.INSERT_VIP {0} \
  CONFIG.S00_AXI_CLK.PHASE {0.0} \
  CONFIG.S00_AXI_RST.INSERT_VIP {0} \
  CONFIG.S00_AXI_RST.POLARITY {ACTIVE_LOW} " [get_ips design_1_IMU_relay_3_0]







Copyright 1986-2022 Xilinx, Inc. All Rights Reserved. Copyright 2022-2025 Advanced Micro Devices, Inc. All Rights Reserved.
---------------------------------------------------------------------------------------------------------------------------------------------
| Tool Version : Vivado v.2025.1 (win64) Build 6140274 Thu May 22 00:12:29 MDT 2025
| Date         : Wed Nov  5 23:22:33 2025
| Host         : EMBKSM running 64-bit major release  (build 9200)
| Command      : upgrade_ip
| Device       : xc7z020clg400-1
---------------------------------------------------------------------------------------------------------------------------------------------

Upgrade Log for IP 'design_1_IMU_relay_2_0'

1. Summary
----------

CAUTION (success, with warnings) in the upgrade of design_1_IMU_relay_2_0 (xilinx.com:user:IMU_relay:1.0) from (Rev. 1) to (Rev. 3)

After upgrade, an IP may have parameter and port differences compared to the original customization. Please review the parameters within the IP customization GUI to ensure proper functionality. Also, please review the updated IP instantiation template to ensure proper connectivity, and update your design if required.

2. Connection Warnings
----------------------

Detected external port differences while upgrading 'design_1_IMU_relay_2_0'. These changes may impact your design.


-Upgraded port 'm00_axis_tdata' width 64 differs from original width 32

-Upgraded port 'm00_axis_tstrb' width 8 differs from original width 4

-Upgraded port 's00_axis_tdata' width 64 differs from original width 32

-Upgraded port 's00_axis_tstrb' width 8 differs from original width 4


3. Customization warnings
-------------------------

An attempt to modify the value of disabled parameter 'C_S00_AXIS_TDATA_WIDTH' from '64' to '32' has been ignored for IP 'design_1_IMU_relay_2_0'

An attempt to modify the value of disabled parameter 'C_M00_AXIS_TDATA_WIDTH' from '64' to '32' has been ignored for IP 'design_1_IMU_relay_2_0'


4. Debug Commands
-----------------

  The following debug information can be passed to Vivado as Tcl commands,
in order to validate or debug the output of the upgrade flow.
  You may consult any warnings from within this upgrade, and alter or remove
the configuration parameter(s) which caused the warning; then execute the Tcl
commands, and use the IP Customization GUI to verify the IP configuration.

create_ip -vlnv xilinx.com:user:IMU_relay:1.0 -user_name design_1_IMU_relay_2_0
set_property -dict "\
  CONFIG.C_M00_AXIS_START_COUNT {32} \
  CONFIG.C_M00_AXIS_TDATA_WIDTH {32} \
  CONFIG.C_S00_AXIS_TDATA_WIDTH {32} \
  CONFIG.C_S00_AXI_ADDR_WIDTH {4} \
  CONFIG.C_S00_AXI_BASEADDR {0xFFFFFFFF} \
  CONFIG.C_S00_AXI_DATA_WIDTH {32} \
  CONFIG.C_S00_AXI_HIGHADDR {0x00000000} \
  CONFIG.Component_Name {design_1_IMU_relay_2_0} \
  CONFIG.M00_AXIS.CLK_DOMAIN {} \
  CONFIG.M00_AXIS.FREQ_HZ {100000000} \
  CONFIG.M00_AXIS.HAS_TKEEP {0} \
  CONFIG.M00_AXIS.HAS_TLAST {1} \
  CONFIG.M00_AXIS.HAS_TREADY {1} \
  CONFIG.M00_AXIS.HAS_TSTRB {1} \
  CONFIG.M00_AXIS.INSERT_VIP {0} \
  CONFIG.M00_AXIS.LAYERED_METADATA {undef} \
  CONFIG.M00_AXIS.PHASE {0.0} \
  CONFIG.M00_AXIS.TDATA_NUM_BYTES {4} \
  CONFIG.M00_AXIS.TDEST_WIDTH {0} \
  CONFIG.M00_AXIS.TID_WIDTH {0} \
  CONFIG.M00_AXIS.TUSER_WIDTH {0} \
  CONFIG.M00_AXIS.WIZ_DATA_WIDTH {32} \
  CONFIG.M00_AXIS_CLK.ASSOCIATED_BUSIF {M00_AXIS} \
  CONFIG.M00_AXIS_CLK.ASSOCIATED_PORT {} \
  CONFIG.M00_AXIS_CLK.ASSOCIATED_RESET {m00_axis_aresetn} \
  CONFIG.M00_AXIS_CLK.CLK_DOMAIN {} \
  CONFIG.M00_AXIS_CLK.FREQ_HZ {100000000} \
  CONFIG.M00_AXIS_CLK.FREQ_TOLERANCE_HZ {0} \
  CONFIG.M00_AXIS_CLK.INSERT_VIP {0} \
  CONFIG.M00_AXIS_CLK.PHASE {0.0} \
  CONFIG.M00_AXIS_RST.INSERT_VIP {0} \
  CONFIG.M00_AXIS_RST.POLARITY {ACTIVE_LOW} \
  CONFIG.S00_AXI.ADDR_WIDTH {4} \
  CONFIG.S00_AXI.ARUSER_WIDTH {0} \
  CONFIG.S00_AXI.AWUSER_WIDTH {0} \
  CONFIG.S00_AXI.BUSER_WIDTH {0} \
  CONFIG.S00_AXI.CLK_DOMAIN {} \
  CONFIG.S00_AXI.DATA_WIDTH {32} \
  CONFIG.S00_AXI.FREQ_HZ {100000000} \
  CONFIG.S00_AXI.HAS_BRESP {1} \
  CONFIG.S00_AXI.HAS_BURST {0} \
  CONFIG.S00_AXI.HAS_CACHE {0} \
  CONFIG.S00_AXI.HAS_LOCK {0} \
  CONFIG.S00_AXI.HAS_PROT {1} \
  CONFIG.S00_AXI.HAS_QOS {0} \
  CONFIG.S00_AXI.HAS_REGION {0} \
  CONFIG.S00_AXI.HAS_RRESP {1} \
  CONFIG.S00_AXI.HAS_WSTRB {1} \
  CONFIG.S00_AXI.ID_WIDTH {0} \
  CONFIG.S00_AXI.INSERT_VIP {0} \
  CONFIG.S00_AXI.MAX_BURST_LENGTH {1} \
  CONFIG.S00_AXI.NUM_READ_OUTSTANDING {1} \
  CONFIG.S00_AXI.NUM_READ_THREADS {1} \
  CONFIG.S00_AXI.NUM_WRITE_OUTSTANDING {1} \
  CONFIG.S00_AXI.NUM_WRITE_THREADS {1} \
  CONFIG.S00_AXI.PHASE {0.0} \
  CONFIG.S00_AXI.PROTOCOL {AXI4LITE} \
  CONFIG.S00_AXI.READ_WRITE_MODE {READ_WRITE} \
  CONFIG.S00_AXI.RUSER_BITS_PER_BYTE {0} \
  CONFIG.S00_AXI.RUSER_WIDTH {0} \
  CONFIG.S00_AXI.SUPPORTS_NARROW_BURST {0} \
  CONFIG.S00_AXI.WIZ_DATA_WIDTH {32} \
  CONFIG.S00_AXI.WIZ_NUM_REG {4} \
  CONFIG.S00_AXI.WUSER_BITS_PER_BYTE {0} \
  CONFIG.S00_AXI.WUSER_WIDTH {0} \
  CONFIG.S00_AXIS.CLK_DOMAIN {} \
  CONFIG.S00_AXIS.FREQ_HZ {100000000} \
  CONFIG.S00_AXIS.HAS_TKEEP {0} \
  CONFIG.S00_AXIS.HAS_TLAST {1} \
  CONFIG.S00_AXIS.HAS_TREADY {1} \
  CONFIG.S00_AXIS.HAS_TSTRB {1} \
  CONFIG.S00_AXIS.INSERT_VIP {0} \
  CONFIG.S00_AXIS.LAYERED_METADATA {undef} \
  CONFIG.S00_AXIS.PHASE {0.0} \
  CONFIG.S00_AXIS.TDATA_NUM_BYTES {4} \
  CONFIG.S00_AXIS.TDEST_WIDTH {0} \
  CONFIG.S00_AXIS.TID_WIDTH {0} \
  CONFIG.S00_AXIS.TUSER_WIDTH {0} \
  CONFIG.S00_AXIS.WIZ_DATA_WIDTH {32} \
  CONFIG.S00_AXIS_CLK.ASSOCIATED_BUSIF {S00_AXIS} \
  CONFIG.S00_AXIS_CLK.ASSOCIATED_PORT {} \
  CONFIG.S00_AXIS_CLK.ASSOCIATED_RESET {s00_axis_aresetn} \
  CONFIG.S00_AXIS_CLK.CLK_DOMAIN {} \
  CONFIG.S00_AXIS_CLK.FREQ_HZ {100000000} \
  CONFIG.S00_AXIS_CLK.FREQ_TOLERANCE_HZ {0} \
  CONFIG.S00_AXIS_CLK.INSERT_VIP {0} \
  CONFIG.S00_AXIS_CLK.PHASE {0.0} \
  CONFIG.S00_AXIS_RST.INSERT_VIP {0} \
  CONFIG.S00_AXIS_RST.POLARITY {ACTIVE_LOW} \
  CONFIG.S00_AXI_CLK.ASSOCIATED_BUSIF {S00_AXI} \
  CONFIG.S00_AXI_CLK.ASSOCIATED_PORT {} \
  CONFIG.S00_AXI_CLK.ASSOCIATED_RESET {s00_axi_aresetn} \
  CONFIG.S00_AXI_CLK.CLK_DOMAIN {} \
  CONFIG.S00_AXI_CLK.FREQ_HZ {100000000} \
  CONFIG.S00_AXI_CLK.FREQ_TOLERANCE_HZ {0} \
  CONFIG.S00_AXI_CLK.INSERT_VIP {0} \
  CONFIG.S00_AXI_CLK.PHASE {0.0} \
  CONFIG.S00_AXI_RST.INSERT_VIP {0} \
  CONFIG.S00_AXI_RST.POLARITY {ACTIVE_LOW} " [get_ips design_1_IMU_relay_2_0]







Copyright 1986-2022 Xilinx, Inc. All Rights Reserved. Copyright 2022-2025 Advanced Micro Devices, Inc. All Rights Reserved.
---------------------------------------------------------------------------------------------------------------------------------------------
| Tool Version : Vivado v.2025.1 (win64) Build 6140274 Thu May 22 00:12:29 MDT 2025
| Date         : Wed Nov  5 23:22:33 2025
| Host         : EMBKSM running 64-bit major release  (build 9200)
| Command      : upgrade_ip
| Device       : xc7z020clg400-1
---------------------------------------------------------------------------------------------------------------------------------------------

Upgrade Log for IP 'design_1_IMU_relay_1_0'

1. Summary
----------

CAUTION (success, with warnings) in the upgrade of design_1_IMU_relay_1_0 (xilinx.com:user:IMU_relay:1.0) from (Rev. 1) to (Rev. 3)

After upgrade, an IP may have parameter and port differences compared to the original customization. Please review the parameters within the IP customization GUI to ensure proper functionality. Also, please review the updated IP instantiation template to ensure proper connectivity, and update your design if required.

2. Connection Warnings
----------------------

Detected external port differences while upgrading 'design_1_IMU_relay_1_0'. These changes may impact your design.


-Upgraded port 'm00_axis_tdata' width 64 differs from original width 32

-Upgraded port 'm00_axis_tstrb' width 8 differs from original width 4

-Upgraded port 's00_axis_tdata' width 64 differs from original width 32

-Upgraded port 's00_axis_tstrb' width 8 differs from original width 4


3. Customization warnings
-------------------------

An attempt to modify the value of disabled parameter 'C_S00_AXIS_TDATA_WIDTH' from '64' to '32' has been ignored for IP 'design_1_IMU_relay_1_0'

An attempt to modify the value of disabled parameter 'C_M00_AXIS_TDATA_WIDTH' from '64' to '32' has been ignored for IP 'design_1_IMU_relay_1_0'


4. Debug Commands
-----------------

  The following debug information can be passed to Vivado as Tcl commands,
in order to validate or debug the output of the upgrade flow.
  You may consult any warnings from within this upgrade, and alter or remove
the configuration parameter(s) which caused the warning; then execute the Tcl
commands, and use the IP Customization GUI to verify the IP configuration.

create_ip -vlnv xilinx.com:user:IMU_relay:1.0 -user_name design_1_IMU_relay_1_0
set_property -dict "\
  CONFIG.C_M00_AXIS_START_COUNT {32} \
  CONFIG.C_M00_AXIS_TDATA_WIDTH {32} \
  CONFIG.C_S00_AXIS_TDATA_WIDTH {32} \
  CONFIG.C_S00_AXI_ADDR_WIDTH {4} \
  CONFIG.C_S00_AXI_BASEADDR {0xFFFFFFFF} \
  CONFIG.C_S00_AXI_DATA_WIDTH {32} \
  CONFIG.C_S00_AXI_HIGHADDR {0x00000000} \
  CONFIG.Component_Name {design_1_IMU_relay_1_0} \
  CONFIG.M00_AXIS.CLK_DOMAIN {} \
  CONFIG.M00_AXIS.FREQ_HZ {100000000} \
  CONFIG.M00_AXIS.HAS_TKEEP {0} \
  CONFIG.M00_AXIS.HAS_TLAST {1} \
  CONFIG.M00_AXIS.HAS_TREADY {1} \
  CONFIG.M00_AXIS.HAS_TSTRB {1} \
  CONFIG.M00_AXIS.INSERT_VIP {0} \
  CONFIG.M00_AXIS.LAYERED_METADATA {undef} \
  CONFIG.M00_AXIS.PHASE {0.0} \
  CONFIG.M00_AXIS.TDATA_NUM_BYTES {4} \
  CONFIG.M00_AXIS.TDEST_WIDTH {0} \
  CONFIG.M00_AXIS.TID_WIDTH {0} \
  CONFIG.M00_AXIS.TUSER_WIDTH {0} \
  CONFIG.M00_AXIS.WIZ_DATA_WIDTH {32} \
  CONFIG.M00_AXIS_CLK.ASSOCIATED_BUSIF {M00_AXIS} \
  CONFIG.M00_AXIS_CLK.ASSOCIATED_PORT {} \
  CONFIG.M00_AXIS_CLK.ASSOCIATED_RESET {m00_axis_aresetn} \
  CONFIG.M00_AXIS_CLK.CLK_DOMAIN {} \
  CONFIG.M00_AXIS_CLK.FREQ_HZ {100000000} \
  CONFIG.M00_AXIS_CLK.FREQ_TOLERANCE_HZ {0} \
  CONFIG.M00_AXIS_CLK.INSERT_VIP {0} \
  CONFIG.M00_AXIS_CLK.PHASE {0.0} \
  CONFIG.M00_AXIS_RST.INSERT_VIP {0} \
  CONFIG.M00_AXIS_RST.POLARITY {ACTIVE_LOW} \
  CONFIG.S00_AXI.ADDR_WIDTH {4} \
  CONFIG.S00_AXI.ARUSER_WIDTH {0} \
  CONFIG.S00_AXI.AWUSER_WIDTH {0} \
  CONFIG.S00_AXI.BUSER_WIDTH {0} \
  CONFIG.S00_AXI.CLK_DOMAIN {} \
  CONFIG.S00_AXI.DATA_WIDTH {32} \
  CONFIG.S00_AXI.FREQ_HZ {100000000} \
  CONFIG.S00_AXI.HAS_BRESP {1} \
  CONFIG.S00_AXI.HAS_BURST {0} \
  CONFIG.S00_AXI.HAS_CACHE {0} \
  CONFIG.S00_AXI.HAS_LOCK {0} \
  CONFIG.S00_AXI.HAS_PROT {1} \
  CONFIG.S00_AXI.HAS_QOS {0} \
  CONFIG.S00_AXI.HAS_REGION {0} \
  CONFIG.S00_AXI.HAS_RRESP {1} \
  CONFIG.S00_AXI.HAS_WSTRB {1} \
  CONFIG.S00_AXI.ID_WIDTH {0} \
  CONFIG.S00_AXI.INSERT_VIP {0} \
  CONFIG.S00_AXI.MAX_BURST_LENGTH {1} \
  CONFIG.S00_AXI.NUM_READ_OUTSTANDING {1} \
  CONFIG.S00_AXI.NUM_READ_THREADS {1} \
  CONFIG.S00_AXI.NUM_WRITE_OUTSTANDING {1} \
  CONFIG.S00_AXI.NUM_WRITE_THREADS {1} \
  CONFIG.S00_AXI.PHASE {0.0} \
  CONFIG.S00_AXI.PROTOCOL {AXI4LITE} \
  CONFIG.S00_AXI.READ_WRITE_MODE {READ_WRITE} \
  CONFIG.S00_AXI.RUSER_BITS_PER_BYTE {0} \
  CONFIG.S00_AXI.RUSER_WIDTH {0} \
  CONFIG.S00_AXI.SUPPORTS_NARROW_BURST {0} \
  CONFIG.S00_AXI.WIZ_DATA_WIDTH {32} \
  CONFIG.S00_AXI.WIZ_NUM_REG {4} \
  CONFIG.S00_AXI.WUSER_BITS_PER_BYTE {0} \
  CONFIG.S00_AXI.WUSER_WIDTH {0} \
  CONFIG.S00_AXIS.CLK_DOMAIN {} \
  CONFIG.S00_AXIS.FREQ_HZ {100000000} \
  CONFIG.S00_AXIS.HAS_TKEEP {0} \
  CONFIG.S00_AXIS.HAS_TLAST {1} \
  CONFIG.S00_AXIS.HAS_TREADY {1} \
  CONFIG.S00_AXIS.HAS_TSTRB {1} \
  CONFIG.S00_AXIS.INSERT_VIP {0} \
  CONFIG.S00_AXIS.LAYERED_METADATA {undef} \
  CONFIG.S00_AXIS.PHASE {0.0} \
  CONFIG.S00_AXIS.TDATA_NUM_BYTES {4} \
  CONFIG.S00_AXIS.TDEST_WIDTH {0} \
  CONFIG.S00_AXIS.TID_WIDTH {0} \
  CONFIG.S00_AXIS.TUSER_WIDTH {0} \
  CONFIG.S00_AXIS.WIZ_DATA_WIDTH {32} \
  CONFIG.S00_AXIS_CLK.ASSOCIATED_BUSIF {S00_AXIS} \
  CONFIG.S00_AXIS_CLK.ASSOCIATED_PORT {} \
  CONFIG.S00_AXIS_CLK.ASSOCIATED_RESET {s00_axis_aresetn} \
  CONFIG.S00_AXIS_CLK.CLK_DOMAIN {} \
  CONFIG.S00_AXIS_CLK.FREQ_HZ {100000000} \
  CONFIG.S00_AXIS_CLK.FREQ_TOLERANCE_HZ {0} \
  CONFIG.S00_AXIS_CLK.INSERT_VIP {0} \
  CONFIG.S00_AXIS_CLK.PHASE {0.0} \
  CONFIG.S00_AXIS_RST.INSERT_VIP {0} \
  CONFIG.S00_AXIS_RST.POLARITY {ACTIVE_LOW} \
  CONFIG.S00_AXI_CLK.ASSOCIATED_BUSIF {S00_AXI} \
  CONFIG.S00_AXI_CLK.ASSOCIATED_PORT {} \
  CONFIG.S00_AXI_CLK.ASSOCIATED_RESET {s00_axi_aresetn} \
  CONFIG.S00_AXI_CLK.CLK_DOMAIN {} \
  CONFIG.S00_AXI_CLK.FREQ_HZ {100000000} \
  CONFIG.S00_AXI_CLK.FREQ_TOLERANCE_HZ {0} \
  CONFIG.S00_AXI_CLK.INSERT_VIP {0} \
  CONFIG.S00_AXI_CLK.PHASE {0.0} \
  CONFIG.S00_AXI_RST.INSERT_VIP {0} \
  CONFIG.S00_AXI_RST.POLARITY {ACTIVE_LOW} " [get_ips design_1_IMU_relay_1_0]







Copyright 1986-2022 Xilinx, Inc. All Rights Reserved. Copyright 2022-2025 Advanced Micro Devices, Inc. All Rights Reserved.
---------------------------------------------------------------------------------------------------------------------------------------------
| Tool Version : Vivado v.2025.1 (win64) Build 6140274 Thu May 22 00:12:29 MDT 2025
| Date         : Wed Nov  5 23:22:33 2025
| Host         : EMBKSM running 64-bit major release  (build 9200)
| Command      : upgrade_ip
| Device       : xc7z020clg400-1
---------------------------------------------------------------------------------------------------------------------------------------------

Upgrade Log for IP 'design_1_IMU_relay_0_0'

1. Summary
----------

CAUTION (success, with warnings) in the upgrade of design_1_IMU_relay_0_0 (xilinx.com:user:IMU_relay:1.0) from (Rev. 1) to (Rev. 3)

After upgrade, an IP may have parameter and port differences compared to the original customization. Please review the parameters within the IP customization GUI to ensure proper functionality. Also, please review the updated IP instantiation template to ensure proper connectivity, and update your design if required.

2. Connection Warnings
----------------------

Detected external port differences while upgrading 'design_1_IMU_relay_0_0'. These changes may impact your design.


-Upgraded port 'm00_axis_tdata' width 64 differs from original width 32

-Upgraded port 'm00_axis_tstrb' width 8 differs from original width 4

-Upgraded port 's00_axis_tdata' width 64 differs from original width 32

-Upgraded port 's00_axis_tstrb' width 8 differs from original width 4


3. Customization warnings
-------------------------

An attempt to modify the value of disabled parameter 'C_S00_AXIS_TDATA_WIDTH' from '64' to '32' has been ignored for IP 'design_1_IMU_relay_0_0'

An attempt to modify the value of disabled parameter 'C_M00_AXIS_TDATA_WIDTH' from '64' to '32' has been ignored for IP 'design_1_IMU_relay_0_0'


4. Debug Commands
-----------------

  The following debug information can be passed to Vivado as Tcl commands,
in order to validate or debug the output of the upgrade flow.
  You may consult any warnings from within this upgrade, and alter or remove
the configuration parameter(s) which caused the warning; then execute the Tcl
commands, and use the IP Customization GUI to verify the IP configuration.

create_ip -vlnv xilinx.com:user:IMU_relay:1.0 -user_name design_1_IMU_relay_0_0
set_property -dict "\
  CONFIG.C_M00_AXIS_START_COUNT {32} \
  CONFIG.C_M00_AXIS_TDATA_WIDTH {32} \
  CONFIG.C_S00_AXIS_TDATA_WIDTH {32} \
  CONFIG.C_S00_AXI_ADDR_WIDTH {4} \
  CONFIG.C_S00_AXI_BASEADDR {0xFFFFFFFF} \
  CONFIG.C_S00_AXI_DATA_WIDTH {32} \
  CONFIG.C_S00_AXI_HIGHADDR {0x00000000} \
  CONFIG.Component_Name {design_1_IMU_relay_0_0} \
  CONFIG.M00_AXIS.CLK_DOMAIN {} \
  CONFIG.M00_AXIS.FREQ_HZ {100000000} \
  CONFIG.M00_AXIS.HAS_TKEEP {0} \
  CONFIG.M00_AXIS.HAS_TLAST {1} \
  CONFIG.M00_AXIS.HAS_TREADY {1} \
  CONFIG.M00_AXIS.HAS_TSTRB {1} \
  CONFIG.M00_AXIS.INSERT_VIP {0} \
  CONFIG.M00_AXIS.LAYERED_METADATA {undef} \
  CONFIG.M00_AXIS.PHASE {0.0} \
  CONFIG.M00_AXIS.TDATA_NUM_BYTES {4} \
  CONFIG.M00_AXIS.TDEST_WIDTH {0} \
  CONFIG.M00_AXIS.TID_WIDTH {0} \
  CONFIG.M00_AXIS.TUSER_WIDTH {0} \
  CONFIG.M00_AXIS.WIZ_DATA_WIDTH {32} \
  CONFIG.M00_AXIS_CLK.ASSOCIATED_BUSIF {M00_AXIS} \
  CONFIG.M00_AXIS_CLK.ASSOCIATED_PORT {} \
  CONFIG.M00_AXIS_CLK.ASSOCIATED_RESET {m00_axis_aresetn} \
  CONFIG.M00_AXIS_CLK.CLK_DOMAIN {} \
  CONFIG.M00_AXIS_CLK.FREQ_HZ {100000000} \
  CONFIG.M00_AXIS_CLK.FREQ_TOLERANCE_HZ {0} \
  CONFIG.M00_AXIS_CLK.INSERT_VIP {0} \
  CONFIG.M00_AXIS_CLK.PHASE {0.0} \
  CONFIG.M00_AXIS_RST.INSERT_VIP {0} \
  CONFIG.M00_AXIS_RST.POLARITY {ACTIVE_LOW} \
  CONFIG.S00_AXI.ADDR_WIDTH {4} \
  CONFIG.S00_AXI.ARUSER_WIDTH {0} \
  CONFIG.S00_AXI.AWUSER_WIDTH {0} \
  CONFIG.S00_AXI.BUSER_WIDTH {0} \
  CONFIG.S00_AXI.CLK_DOMAIN {} \
  CONFIG.S00_AXI.DATA_WIDTH {32} \
  CONFIG.S00_AXI.FREQ_HZ {100000000} \
  CONFIG.S00_AXI.HAS_BRESP {1} \
  CONFIG.S00_AXI.HAS_BURST {0} \
  CONFIG.S00_AXI.HAS_CACHE {0} \
  CONFIG.S00_AXI.HAS_LOCK {0} \
  CONFIG.S00_AXI.HAS_PROT {1} \
  CONFIG.S00_AXI.HAS_QOS {0} \
  CONFIG.S00_AXI.HAS_REGION {0} \
  CONFIG.S00_AXI.HAS_RRESP {1} \
  CONFIG.S00_AXI.HAS_WSTRB {1} \
  CONFIG.S00_AXI.ID_WIDTH {0} \
  CONFIG.S00_AXI.INSERT_VIP {0} \
  CONFIG.S00_AXI.MAX_BURST_LENGTH {1} \
  CONFIG.S00_AXI.NUM_READ_OUTSTANDING {1} \
  CONFIG.S00_AXI.NUM_READ_THREADS {1} \
  CONFIG.S00_AXI.NUM_WRITE_OUTSTANDING {1} \
  CONFIG.S00_AXI.NUM_WRITE_THREADS {1} \
  CONFIG.S00_AXI.PHASE {0.0} \
  CONFIG.S00_AXI.PROTOCOL {AXI4LITE} \
  CONFIG.S00_AXI.READ_WRITE_MODE {READ_WRITE} \
  CONFIG.S00_AXI.RUSER_BITS_PER_BYTE {0} \
  CONFIG.S00_AXI.RUSER_WIDTH {0} \
  CONFIG.S00_AXI.SUPPORTS_NARROW_BURST {0} \
  CONFIG.S00_AXI.WIZ_DATA_WIDTH {32} \
  CONFIG.S00_AXI.WIZ_NUM_REG {4} \
  CONFIG.S00_AXI.WUSER_BITS_PER_BYTE {0} \
  CONFIG.S00_AXI.WUSER_WIDTH {0} \
  CONFIG.S00_AXIS.CLK_DOMAIN {} \
  CONFIG.S00_AXIS.FREQ_HZ {100000000} \
  CONFIG.S00_AXIS.HAS_TKEEP {0} \
  CONFIG.S00_AXIS.HAS_TLAST {1} \
  CONFIG.S00_AXIS.HAS_TREADY {1} \
  CONFIG.S00_AXIS.HAS_TSTRB {1} \
  CONFIG.S00_AXIS.INSERT_VIP {0} \
  CONFIG.S00_AXIS.LAYERED_METADATA {undef} \
  CONFIG.S00_AXIS.PHASE {0.0} \
  CONFIG.S00_AXIS.TDATA_NUM_BYTES {4} \
  CONFIG.S00_AXIS.TDEST_WIDTH {0} \
  CONFIG.S00_AXIS.TID_WIDTH {0} \
  CONFIG.S00_AXIS.TUSER_WIDTH {0} \
  CONFIG.S00_AXIS.WIZ_DATA_WIDTH {32} \
  CONFIG.S00_AXIS_CLK.ASSOCIATED_BUSIF {S00_AXIS} \
  CONFIG.S00_AXIS_CLK.ASSOCIATED_PORT {} \
  CONFIG.S00_AXIS_CLK.ASSOCIATED_RESET {s00_axis_aresetn} \
  CONFIG.S00_AXIS_CLK.CLK_DOMAIN {} \
  CONFIG.S00_AXIS_CLK.FREQ_HZ {100000000} \
  CONFIG.S00_AXIS_CLK.FREQ_TOLERANCE_HZ {0} \
  CONFIG.S00_AXIS_CLK.INSERT_VIP {0} \
  CONFIG.S00_AXIS_CLK.PHASE {0.0} \
  CONFIG.S00_AXIS_RST.INSERT_VIP {0} \
  CONFIG.S00_AXIS_RST.POLARITY {ACTIVE_LOW} \
  CONFIG.S00_AXI_CLK.ASSOCIATED_BUSIF {S00_AXI} \
  CONFIG.S00_AXI_CLK.ASSOCIATED_PORT {} \
  CONFIG.S00_AXI_CLK.ASSOCIATED_RESET {s00_axi_aresetn} \
  CONFIG.S00_AXI_CLK.CLK_DOMAIN {} \
  CONFIG.S00_AXI_CLK.FREQ_HZ {100000000} \
  CONFIG.S00_AXI_CLK.FREQ_TOLERANCE_HZ {0} \
  CONFIG.S00_AXI_CLK.INSERT_VIP {0} \
  CONFIG.S00_AXI_CLK.PHASE {0.0} \
  CONFIG.S00_AXI_RST.INSERT_VIP {0} \
  CONFIG.S00_AXI_RST.POLARITY {ACTIVE_LOW} " [get_ips design_1_IMU_relay_0_0]







Copyright 1986-2022 Xilinx, Inc. All Rights Reserved. Copyright 2022-2025 Advanced Micro Devices, Inc. All Rights Reserved.
---------------------------------------------------------------------------------------------------------------------------------------------
| Tool Version : Vivado v.2025.1 (win64) Build 6140274 Thu May 22 00:12:29 MDT 2025
| Date         : Wed Nov  5 23:06:39 2025
| Host         : EMBKSM running 64-bit major release  (build 9200)
| Command      : upgrade_ip
| Device       : xc7z020clg400-1
---------------------------------------------------------------------------------------------------------------------------------------------

Upgrade Log for IP 'design_1_I2C_Reader_3_0'

1. Summary
----------

CAUTION (success, with warnings) in the upgrade of design_1_I2C_Reader_3_0 (xilinx.com:user:I2C_Reader:1.0) from (Rev. 1) to (Rev. 2)

After upgrade, an IP may have parameter and port differences compared to the original customization. Please review the parameters within the IP customization GUI to ensure proper functionality. Also, please review the updated IP instantiation template to ensure proper connectivity, and update your design if required.

2. Connection Warnings
----------------------

Detected external port differences while upgrading 'design_1_I2C_Reader_3_0'. These changes may impact your design.


-Upgraded port 'm00_axis_tdata' width 64 differs from original width 32

-Upgraded port 'm00_axis_tstrb' width 8 differs from original width 4

-Upgrade has added port 'scl'

-Upgrade has added port 'sda'


3. Customization warnings
-------------------------

An attempt to modify the value of disabled parameter 'C_M00_AXIS_TDATA_WIDTH' from '64' to '32' has been ignored for IP 'design_1_I2C_Reader_3_0'


4. Debug Commands
-----------------

  The following debug information can be passed to Vivado as Tcl commands,
in order to validate or debug the output of the upgrade flow.
  You may consult any warnings from within this upgrade, and alter or remove
the configuration parameter(s) which caused the warning; then execute the Tcl
commands, and use the IP Customization GUI to verify the IP configuration.

create_ip -vlnv xilinx.com:user:I2C_Reader:1.0 -user_name design_1_I2C_Reader_3_0
set_property -dict "\
  CONFIG.C_M00_AXIS_START_COUNT {32} \
  CONFIG.C_M00_AXIS_TDATA_WIDTH {32} \
  CONFIG.C_S00_AXI_ADDR_WIDTH {4} \
  CONFIG.C_S00_AXI_BASEADDR {0xFFFFFFFF} \
  CONFIG.C_S00_AXI_DATA_WIDTH {32} \
  CONFIG.C_S00_AXI_HIGHADDR {0x00000000} \
  CONFIG.Component_Name {design_1_I2C_Reader_3_0} \
  CONFIG.M00_AXIS.CLK_DOMAIN {} \
  CONFIG.M00_AXIS.FREQ_HZ {100000000} \
  CONFIG.M00_AXIS.HAS_TKEEP {0} \
  CONFIG.M00_AXIS.HAS_TLAST {1} \
  CONFIG.M00_AXIS.HAS_TREADY {1} \
  CONFIG.M00_AXIS.HAS_TSTRB {1} \
  CONFIG.M00_AXIS.INSERT_VIP {0} \
  CONFIG.M00_AXIS.LAYERED_METADATA {undef} \
  CONFIG.M00_AXIS.PHASE {0.0} \
  CONFIG.M00_AXIS.TDATA_NUM_BYTES {4} \
  CONFIG.M00_AXIS.TDEST_WIDTH {0} \
  CONFIG.M00_AXIS.TID_WIDTH {0} \
  CONFIG.M00_AXIS.TUSER_WIDTH {0} \
  CONFIG.M00_AXIS.WIZ_DATA_WIDTH {32} \
  CONFIG.M00_AXIS_CLK.ASSOCIATED_BUSIF {M00_AXIS} \
  CONFIG.M00_AXIS_CLK.ASSOCIATED_PORT {} \
  CONFIG.M00_AXIS_CLK.ASSOCIATED_RESET {m00_axis_aresetn} \
  CONFIG.M00_AXIS_CLK.CLK_DOMAIN {} \
  CONFIG.M00_AXIS_CLK.FREQ_HZ {100000000} \
  CONFIG.M00_AXIS_CLK.FREQ_TOLERANCE_HZ {0} \
  CONFIG.M00_AXIS_CLK.INSERT_VIP {0} \
  CONFIG.M00_AXIS_CLK.PHASE {0.0} \
  CONFIG.M00_AXIS_RST.INSERT_VIP {0} \
  CONFIG.M00_AXIS_RST.POLARITY {ACTIVE_LOW} \
  CONFIG.S00_AXI.ADDR_WIDTH {4} \
  CONFIG.S00_AXI.ARUSER_WIDTH {0} \
  CONFIG.S00_AXI.AWUSER_WIDTH {0} \
  CONFIG.S00_AXI.BUSER_WIDTH {0} \
  CONFIG.S00_AXI.CLK_DOMAIN {} \
  CONFIG.S00_AXI.DATA_WIDTH {32} \
  CONFIG.S00_AXI.FREQ_HZ {100000000} \
  CONFIG.S00_AXI.HAS_BRESP {1} \
  CONFIG.S00_AXI.HAS_BURST {0} \
  CONFIG.S00_AXI.HAS_CACHE {0} \
  CONFIG.S00_AXI.HAS_LOCK {0} \
  CONFIG.S00_AXI.HAS_PROT {1} \
  CONFIG.S00_AXI.HAS_QOS {0} \
  CONFIG.S00_AXI.HAS_REGION {0} \
  CONFIG.S00_AXI.HAS_RRESP {1} \
  CONFIG.S00_AXI.HAS_WSTRB {1} \
  CONFIG.S00_AXI.ID_WIDTH {0} \
  CONFIG.S00_AXI.INSERT_VIP {0} \
  CONFIG.S00_AXI.MAX_BURST_LENGTH {1} \
  CONFIG.S00_AXI.NUM_READ_OUTSTANDING {1} \
  CONFIG.S00_AXI.NUM_READ_THREADS {1} \
  CONFIG.S00_AXI.NUM_WRITE_OUTSTANDING {1} \
  CONFIG.S00_AXI.NUM_WRITE_THREADS {1} \
  CONFIG.S00_AXI.PHASE {0.0} \
  CONFIG.S00_AXI.PROTOCOL {AXI4LITE} \
  CONFIG.S00_AXI.READ_WRITE_MODE {READ_WRITE} \
  CONFIG.S00_AXI.RUSER_BITS_PER_BYTE {0} \
  CONFIG.S00_AXI.RUSER_WIDTH {0} \
  CONFIG.S00_AXI.SUPPORTS_NARROW_BURST {0} \
  CONFIG.S00_AXI.WIZ_DATA_WIDTH {32} \
  CONFIG.S00_AXI.WIZ_NUM_REG {4} \
  CONFIG.S00_AXI.WUSER_BITS_PER_BYTE {0} \
  CONFIG.S00_AXI.WUSER_WIDTH {0} \
  CONFIG.S00_AXI_CLK.ASSOCIATED_BUSIF {S00_AXI} \
  CONFIG.S00_AXI_CLK.ASSOCIATED_PORT {} \
  CONFIG.S00_AXI_CLK.ASSOCIATED_RESET {s00_axi_aresetn} \
  CONFIG.S00_AXI_CLK.CLK_DOMAIN {} \
  CONFIG.S00_AXI_CLK.FREQ_HZ {100000000} \
  CONFIG.S00_AXI_CLK.FREQ_TOLERANCE_HZ {0} \
  CONFIG.S00_AXI_CLK.INSERT_VIP {0} \
  CONFIG.S00_AXI_CLK.PHASE {0.0} \
  CONFIG.S00_AXI_RST.INSERT_VIP {0} \
  CONFIG.S00_AXI_RST.POLARITY {ACTIVE_LOW} " [get_ips design_1_I2C_Reader_3_0]







Copyright 1986-2022 Xilinx, Inc. All Rights Reserved. Copyright 2022-2025 Advanced Micro Devices, Inc. All Rights Reserved.
---------------------------------------------------------------------------------------------------------------------------------------------
| Tool Version : Vivado v.2025.1 (win64) Build 6140274 Thu May 22 00:12:29 MDT 2025
| Date         : Wed Nov  5 23:06:39 2025
| Host         : EMBKSM running 64-bit major release  (build 9200)
| Command      : upgrade_ip
| Device       : xc7z020clg400-1
---------------------------------------------------------------------------------------------------------------------------------------------

Upgrade Log for IP 'design_1_I2C_Reader_2_0'

1. Summary
----------

CAUTION (success, with warnings) in the upgrade of design_1_I2C_Reader_2_0 (xilinx.com:user:I2C_Reader:1.0) from (Rev. 1) to (Rev. 2)

After upgrade, an IP may have parameter and port differences compared to the original customization. Please review the parameters within the IP customization GUI to ensure proper functionality. Also, please review the updated IP instantiation template to ensure proper connectivity, and update your design if required.

2. Connection Warnings
----------------------

Detected external port differences while upgrading 'design_1_I2C_Reader_2_0'. These changes may impact your design.


-Upgraded port 'm00_axis_tdata' width 64 differs from original width 32

-Upgraded port 'm00_axis_tstrb' width 8 differs from original width 4

-Upgrade has added port 'scl'

-Upgrade has added port 'sda'


3. Customization warnings
-------------------------

An attempt to modify the value of disabled parameter 'C_M00_AXIS_TDATA_WIDTH' from '64' to '32' has been ignored for IP 'design_1_I2C_Reader_2_0'


4. Debug Commands
-----------------

  The following debug information can be passed to Vivado as Tcl commands,
in order to validate or debug the output of the upgrade flow.
  You may consult any warnings from within this upgrade, and alter or remove
the configuration parameter(s) which caused the warning; then execute the Tcl
commands, and use the IP Customization GUI to verify the IP configuration.

create_ip -vlnv xilinx.com:user:I2C_Reader:1.0 -user_name design_1_I2C_Reader_2_0
set_property -dict "\
  CONFIG.C_M00_AXIS_START_COUNT {32} \
  CONFIG.C_M00_AXIS_TDATA_WIDTH {32} \
  CONFIG.C_S00_AXI_ADDR_WIDTH {4} \
  CONFIG.C_S00_AXI_BASEADDR {0xFFFFFFFF} \
  CONFIG.C_S00_AXI_DATA_WIDTH {32} \
  CONFIG.C_S00_AXI_HIGHADDR {0x00000000} \
  CONFIG.Component_Name {design_1_I2C_Reader_2_0} \
  CONFIG.M00_AXIS.CLK_DOMAIN {} \
  CONFIG.M00_AXIS.FREQ_HZ {100000000} \
  CONFIG.M00_AXIS.HAS_TKEEP {0} \
  CONFIG.M00_AXIS.HAS_TLAST {1} \
  CONFIG.M00_AXIS.HAS_TREADY {1} \
  CONFIG.M00_AXIS.HAS_TSTRB {1} \
  CONFIG.M00_AXIS.INSERT_VIP {0} \
  CONFIG.M00_AXIS.LAYERED_METADATA {undef} \
  CONFIG.M00_AXIS.PHASE {0.0} \
  CONFIG.M00_AXIS.TDATA_NUM_BYTES {4} \
  CONFIG.M00_AXIS.TDEST_WIDTH {0} \
  CONFIG.M00_AXIS.TID_WIDTH {0} \
  CONFIG.M00_AXIS.TUSER_WIDTH {0} \
  CONFIG.M00_AXIS.WIZ_DATA_WIDTH {32} \
  CONFIG.M00_AXIS_CLK.ASSOCIATED_BUSIF {M00_AXIS} \
  CONFIG.M00_AXIS_CLK.ASSOCIATED_PORT {} \
  CONFIG.M00_AXIS_CLK.ASSOCIATED_RESET {m00_axis_aresetn} \
  CONFIG.M00_AXIS_CLK.CLK_DOMAIN {} \
  CONFIG.M00_AXIS_CLK.FREQ_HZ {100000000} \
  CONFIG.M00_AXIS_CLK.FREQ_TOLERANCE_HZ {0} \
  CONFIG.M00_AXIS_CLK.INSERT_VIP {0} \
  CONFIG.M00_AXIS_CLK.PHASE {0.0} \
  CONFIG.M00_AXIS_RST.INSERT_VIP {0} \
  CONFIG.M00_AXIS_RST.POLARITY {ACTIVE_LOW} \
  CONFIG.S00_AXI.ADDR_WIDTH {4} \
  CONFIG.S00_AXI.ARUSER_WIDTH {0} \
  CONFIG.S00_AXI.AWUSER_WIDTH {0} \
  CONFIG.S00_AXI.BUSER_WIDTH {0} \
  CONFIG.S00_AXI.CLK_DOMAIN {} \
  CONFIG.S00_AXI.DATA_WIDTH {32} \
  CONFIG.S00_AXI.FREQ_HZ {100000000} \
  CONFIG.S00_AXI.HAS_BRESP {1} \
  CONFIG.S00_AXI.HAS_BURST {0} \
  CONFIG.S00_AXI.HAS_CACHE {0} \
  CONFIG.S00_AXI.HAS_LOCK {0} \
  CONFIG.S00_AXI.HAS_PROT {1} \
  CONFIG.S00_AXI.HAS_QOS {0} \
  CONFIG.S00_AXI.HAS_REGION {0} \
  CONFIG.S00_AXI.HAS_RRESP {1} \
  CONFIG.S00_AXI.HAS_WSTRB {1} \
  CONFIG.S00_AXI.ID_WIDTH {0} \
  CONFIG.S00_AXI.INSERT_VIP {0} \
  CONFIG.S00_AXI.MAX_BURST_LENGTH {1} \
  CONFIG.S00_AXI.NUM_READ_OUTSTANDING {1} \
  CONFIG.S00_AXI.NUM_READ_THREADS {1} \
  CONFIG.S00_AXI.NUM_WRITE_OUTSTANDING {1} \
  CONFIG.S00_AXI.NUM_WRITE_THREADS {1} \
  CONFIG.S00_AXI.PHASE {0.0} \
  CONFIG.S00_AXI.PROTOCOL {AXI4LITE} \
  CONFIG.S00_AXI.READ_WRITE_MODE {READ_WRITE} \
  CONFIG.S00_AXI.RUSER_BITS_PER_BYTE {0} \
  CONFIG.S00_AXI.RUSER_WIDTH {0} \
  CONFIG.S00_AXI.SUPPORTS_NARROW_BURST {0} \
  CONFIG.S00_AXI.WIZ_DATA_WIDTH {32} \
  CONFIG.S00_AXI.WIZ_NUM_REG {4} \
  CONFIG.S00_AXI.WUSER_BITS_PER_BYTE {0} \
  CONFIG.S00_AXI.WUSER_WIDTH {0} \
  CONFIG.S00_AXI_CLK.ASSOCIATED_BUSIF {S00_AXI} \
  CONFIG.S00_AXI_CLK.ASSOCIATED_PORT {} \
  CONFIG.S00_AXI_CLK.ASSOCIATED_RESET {s00_axi_aresetn} \
  CONFIG.S00_AXI_CLK.CLK_DOMAIN {} \
  CONFIG.S00_AXI_CLK.FREQ_HZ {100000000} \
  CONFIG.S00_AXI_CLK.FREQ_TOLERANCE_HZ {0} \
  CONFIG.S00_AXI_CLK.INSERT_VIP {0} \
  CONFIG.S00_AXI_CLK.PHASE {0.0} \
  CONFIG.S00_AXI_RST.INSERT_VIP {0} \
  CONFIG.S00_AXI_RST.POLARITY {ACTIVE_LOW} " [get_ips design_1_I2C_Reader_2_0]







Copyright 1986-2022 Xilinx, Inc. All Rights Reserved. Copyright 2022-2025 Advanced Micro Devices, Inc. All Rights Reserved.
---------------------------------------------------------------------------------------------------------------------------------------------
| Tool Version : Vivado v.2025.1 (win64) Build 6140274 Thu May 22 00:12:29 MDT 2025
| Date         : Wed Nov  5 23:06:39 2025
| Host         : EMBKSM running 64-bit major release  (build 9200)
| Command      : upgrade_ip
| Device       : xc7z020clg400-1
---------------------------------------------------------------------------------------------------------------------------------------------

Upgrade Log for IP 'design_1_I2C_Reader_1_0'

1. Summary
----------

CAUTION (success, with warnings) in the upgrade of design_1_I2C_Reader_1_0 (xilinx.com:user:I2C_Reader:1.0) from (Rev. 1) to (Rev. 2)

After upgrade, an IP may have parameter and port differences compared to the original customization. Please review the parameters within the IP customization GUI to ensure proper functionality. Also, please review the updated IP instantiation template to ensure proper connectivity, and update your design if required.

2. Connection Warnings
----------------------

Detected external port differences while upgrading 'design_1_I2C_Reader_1_0'. These changes may impact your design.


-Upgraded port 'm00_axis_tdata' width 64 differs from original width 32

-Upgraded port 'm00_axis_tstrb' width 8 differs from original width 4

-Upgrade has added port 'scl'

-Upgrade has added port 'sda'


3. Customization warnings
-------------------------

An attempt to modify the value of disabled parameter 'C_M00_AXIS_TDATA_WIDTH' from '64' to '32' has been ignored for IP 'design_1_I2C_Reader_1_0'


4. Debug Commands
-----------------

  The following debug information can be passed to Vivado as Tcl commands,
in order to validate or debug the output of the upgrade flow.
  You may consult any warnings from within this upgrade, and alter or remove
the configuration parameter(s) which caused the warning; then execute the Tcl
commands, and use the IP Customization GUI to verify the IP configuration.

create_ip -vlnv xilinx.com:user:I2C_Reader:1.0 -user_name design_1_I2C_Reader_1_0
set_property -dict "\
  CONFIG.C_M00_AXIS_START_COUNT {32} \
  CONFIG.C_M00_AXIS_TDATA_WIDTH {32} \
  CONFIG.C_S00_AXI_ADDR_WIDTH {4} \
  CONFIG.C_S00_AXI_BASEADDR {0xFFFFFFFF} \
  CONFIG.C_S00_AXI_DATA_WIDTH {32} \
  CONFIG.C_S00_AXI_HIGHADDR {0x00000000} \
  CONFIG.Component_Name {design_1_I2C_Reader_1_0} \
  CONFIG.M00_AXIS.CLK_DOMAIN {} \
  CONFIG.M00_AXIS.FREQ_HZ {100000000} \
  CONFIG.M00_AXIS.HAS_TKEEP {0} \
  CONFIG.M00_AXIS.HAS_TLAST {1} \
  CONFIG.M00_AXIS.HAS_TREADY {1} \
  CONFIG.M00_AXIS.HAS_TSTRB {1} \
  CONFIG.M00_AXIS.INSERT_VIP {0} \
  CONFIG.M00_AXIS.LAYERED_METADATA {undef} \
  CONFIG.M00_AXIS.PHASE {0.0} \
  CONFIG.M00_AXIS.TDATA_NUM_BYTES {4} \
  CONFIG.M00_AXIS.TDEST_WIDTH {0} \
  CONFIG.M00_AXIS.TID_WIDTH {0} \
  CONFIG.M00_AXIS.TUSER_WIDTH {0} \
  CONFIG.M00_AXIS.WIZ_DATA_WIDTH {32} \
  CONFIG.M00_AXIS_CLK.ASSOCIATED_BUSIF {M00_AXIS} \
  CONFIG.M00_AXIS_CLK.ASSOCIATED_PORT {} \
  CONFIG.M00_AXIS_CLK.ASSOCIATED_RESET {m00_axis_aresetn} \
  CONFIG.M00_AXIS_CLK.CLK_DOMAIN {} \
  CONFIG.M00_AXIS_CLK.FREQ_HZ {100000000} \
  CONFIG.M00_AXIS_CLK.FREQ_TOLERANCE_HZ {0} \
  CONFIG.M00_AXIS_CLK.INSERT_VIP {0} \
  CONFIG.M00_AXIS_CLK.PHASE {0.0} \
  CONFIG.M00_AXIS_RST.INSERT_VIP {0} \
  CONFIG.M00_AXIS_RST.POLARITY {ACTIVE_LOW} \
  CONFIG.S00_AXI.ADDR_WIDTH {4} \
  CONFIG.S00_AXI.ARUSER_WIDTH {0} \
  CONFIG.S00_AXI.AWUSER_WIDTH {0} \
  CONFIG.S00_AXI.BUSER_WIDTH {0} \
  CONFIG.S00_AXI.CLK_DOMAIN {} \
  CONFIG.S00_AXI.DATA_WIDTH {32} \
  CONFIG.S00_AXI.FREQ_HZ {100000000} \
  CONFIG.S00_AXI.HAS_BRESP {1} \
  CONFIG.S00_AXI.HAS_BURST {0} \
  CONFIG.S00_AXI.HAS_CACHE {0} \
  CONFIG.S00_AXI.HAS_LOCK {0} \
  CONFIG.S00_AXI.HAS_PROT {1} \
  CONFIG.S00_AXI.HAS_QOS {0} \
  CONFIG.S00_AXI.HAS_REGION {0} \
  CONFIG.S00_AXI.HAS_RRESP {1} \
  CONFIG.S00_AXI.HAS_WSTRB {1} \
  CONFIG.S00_AXI.ID_WIDTH {0} \
  CONFIG.S00_AXI.INSERT_VIP {0} \
  CONFIG.S00_AXI.MAX_BURST_LENGTH {1} \
  CONFIG.S00_AXI.NUM_READ_OUTSTANDING {1} \
  CONFIG.S00_AXI.NUM_READ_THREADS {1} \
  CONFIG.S00_AXI.NUM_WRITE_OUTSTANDING {1} \
  CONFIG.S00_AXI.NUM_WRITE_THREADS {1} \
  CONFIG.S00_AXI.PHASE {0.0} \
  CONFIG.S00_AXI.PROTOCOL {AXI4LITE} \
  CONFIG.S00_AXI.READ_WRITE_MODE {READ_WRITE} \
  CONFIG.S00_AXI.RUSER_BITS_PER_BYTE {0} \
  CONFIG.S00_AXI.RUSER_WIDTH {0} \
  CONFIG.S00_AXI.SUPPORTS_NARROW_BURST {0} \
  CONFIG.S00_AXI.WIZ_DATA_WIDTH {32} \
  CONFIG.S00_AXI.WIZ_NUM_REG {4} \
  CONFIG.S00_AXI.WUSER_BITS_PER_BYTE {0} \
  CONFIG.S00_AXI.WUSER_WIDTH {0} \
  CONFIG.S00_AXI_CLK.ASSOCIATED_BUSIF {S00_AXI} \
  CONFIG.S00_AXI_CLK.ASSOCIATED_PORT {} \
  CONFIG.S00_AXI_CLK.ASSOCIATED_RESET {s00_axi_aresetn} \
  CONFIG.S00_AXI_CLK.CLK_DOMAIN {} \
  CONFIG.S00_AXI_CLK.FREQ_HZ {100000000} \
  CONFIG.S00_AXI_CLK.FREQ_TOLERANCE_HZ {0} \
  CONFIG.S00_AXI_CLK.INSERT_VIP {0} \
  CONFIG.S00_AXI_CLK.PHASE {0.0} \
  CONFIG.S00_AXI_RST.INSERT_VIP {0} \
  CONFIG.S00_AXI_RST.POLARITY {ACTIVE_LOW} " [get_ips design_1_I2C_Reader_1_0]







Copyright 1986-2022 Xilinx, Inc. All Rights Reserved. Copyright 2022-2025 Advanced Micro Devices, Inc. All Rights Reserved.
---------------------------------------------------------------------------------------------------------------------------------------------
| Tool Version : Vivado v.2025.1 (win64) Build 6140274 Thu May 22 00:12:29 MDT 2025
| Date         : Wed Nov  5 23:06:39 2025
| Host         : EMBKSM running 64-bit major release  (build 9200)
| Command      : upgrade_ip
| Device       : xc7z020clg400-1
---------------------------------------------------------------------------------------------------------------------------------------------

Upgrade Log for IP 'design_1_I2C_Reader_0_0'

1. Summary
----------

CAUTION (success, with warnings) in the upgrade of design_1_I2C_Reader_0_0 (xilinx.com:user:I2C_Reader:1.0) from (Rev. 1) to (Rev. 2)

After upgrade, an IP may have parameter and port differences compared to the original customization. Please review the parameters within the IP customization GUI to ensure proper functionality. Also, please review the updated IP instantiation template to ensure proper connectivity, and update your design if required.

2. Connection Warnings
----------------------

Detected external port differences while upgrading 'design_1_I2C_Reader_0_0'. These changes may impact your design.


-Upgraded port 'm00_axis_tdata' width 64 differs from original width 32

-Upgraded port 'm00_axis_tstrb' width 8 differs from original width 4

-Upgrade has added port 'scl'

-Upgrade has added port 'sda'


3. Customization warnings
-------------------------

An attempt to modify the value of disabled parameter 'C_M00_AXIS_TDATA_WIDTH' from '64' to '32' has been ignored for IP 'design_1_I2C_Reader_0_0'


4. Debug Commands
-----------------

  The following debug information can be passed to Vivado as Tcl commands,
in order to validate or debug the output of the upgrade flow.
  You may consult any warnings from within this upgrade, and alter or remove
the configuration parameter(s) which caused the warning; then execute the Tcl
commands, and use the IP Customization GUI to verify the IP configuration.

create_ip -vlnv xilinx.com:user:I2C_Reader:1.0 -user_name design_1_I2C_Reader_0_0
set_property -dict "\
  CONFIG.C_M00_AXIS_START_COUNT {32} \
  CONFIG.C_M00_AXIS_TDATA_WIDTH {32} \
  CONFIG.C_S00_AXI_ADDR_WIDTH {4} \
  CONFIG.C_S00_AXI_BASEADDR {0xFFFFFFFF} \
  CONFIG.C_S00_AXI_DATA_WIDTH {32} \
  CONFIG.C_S00_AXI_HIGHADDR {0x00000000} \
  CONFIG.Component_Name {design_1_I2C_Reader_0_0} \
  CONFIG.M00_AXIS.CLK_DOMAIN {} \
  CONFIG.M00_AXIS.FREQ_HZ {100000000} \
  CONFIG.M00_AXIS.HAS_TKEEP {0} \
  CONFIG.M00_AXIS.HAS_TLAST {1} \
  CONFIG.M00_AXIS.HAS_TREADY {1} \
  CONFIG.M00_AXIS.HAS_TSTRB {1} \
  CONFIG.M00_AXIS.INSERT_VIP {0} \
  CONFIG.M00_AXIS.LAYERED_METADATA {undef} \
  CONFIG.M00_AXIS.PHASE {0.0} \
  CONFIG.M00_AXIS.TDATA_NUM_BYTES {4} \
  CONFIG.M00_AXIS.TDEST_WIDTH {0} \
  CONFIG.M00_AXIS.TID_WIDTH {0} \
  CONFIG.M00_AXIS.TUSER_WIDTH {0} \
  CONFIG.M00_AXIS.WIZ_DATA_WIDTH {32} \
  CONFIG.M00_AXIS_CLK.ASSOCIATED_BUSIF {M00_AXIS} \
  CONFIG.M00_AXIS_CLK.ASSOCIATED_PORT {} \
  CONFIG.M00_AXIS_CLK.ASSOCIATED_RESET {m00_axis_aresetn} \
  CONFIG.M00_AXIS_CLK.CLK_DOMAIN {} \
  CONFIG.M00_AXIS_CLK.FREQ_HZ {100000000} \
  CONFIG.M00_AXIS_CLK.FREQ_TOLERANCE_HZ {0} \
  CONFIG.M00_AXIS_CLK.INSERT_VIP {0} \
  CONFIG.M00_AXIS_CLK.PHASE {0.0} \
  CONFIG.M00_AXIS_RST.INSERT_VIP {0} \
  CONFIG.M00_AXIS_RST.POLARITY {ACTIVE_LOW} \
  CONFIG.S00_AXI.ADDR_WIDTH {4} \
  CONFIG.S00_AXI.ARUSER_WIDTH {0} \
  CONFIG.S00_AXI.AWUSER_WIDTH {0} \
  CONFIG.S00_AXI.BUSER_WIDTH {0} \
  CONFIG.S00_AXI.CLK_DOMAIN {} \
  CONFIG.S00_AXI.DATA_WIDTH {32} \
  CONFIG.S00_AXI.FREQ_HZ {100000000} \
  CONFIG.S00_AXI.HAS_BRESP {1} \
  CONFIG.S00_AXI.HAS_BURST {0} \
  CONFIG.S00_AXI.HAS_CACHE {0} \
  CONFIG.S00_AXI.HAS_LOCK {0} \
  CONFIG.S00_AXI.HAS_PROT {1} \
  CONFIG.S00_AXI.HAS_QOS {0} \
  CONFIG.S00_AXI.HAS_REGION {0} \
  CONFIG.S00_AXI.HAS_RRESP {1} \
  CONFIG.S00_AXI.HAS_WSTRB {1} \
  CONFIG.S00_AXI.ID_WIDTH {0} \
  CONFIG.S00_AXI.INSERT_VIP {0} \
  CONFIG.S00_AXI.MAX_BURST_LENGTH {1} \
  CONFIG.S00_AXI.NUM_READ_OUTSTANDING {1} \
  CONFIG.S00_AXI.NUM_READ_THREADS {1} \
  CONFIG.S00_AXI.NUM_WRITE_OUTSTANDING {1} \
  CONFIG.S00_AXI.NUM_WRITE_THREADS {1} \
  CONFIG.S00_AXI.PHASE {0.0} \
  CONFIG.S00_AXI.PROTOCOL {AXI4LITE} \
  CONFIG.S00_AXI.READ_WRITE_MODE {READ_WRITE} \
  CONFIG.S00_AXI.RUSER_BITS_PER_BYTE {0} \
  CONFIG.S00_AXI.RUSER_WIDTH {0} \
  CONFIG.S00_AXI.SUPPORTS_NARROW_BURST {0} \
  CONFIG.S00_AXI.WIZ_DATA_WIDTH {32} \
  CONFIG.S00_AXI.WIZ_NUM_REG {4} \
  CONFIG.S00_AXI.WUSER_BITS_PER_BYTE {0} \
  CONFIG.S00_AXI.WUSER_WIDTH {0} \
  CONFIG.S00_AXI_CLK.ASSOCIATED_BUSIF {S00_AXI} \
  CONFIG.S00_AXI_CLK.ASSOCIATED_PORT {} \
  CONFIG.S00_AXI_CLK.ASSOCIATED_RESET {s00_axi_aresetn} \
  CONFIG.S00_AXI_CLK.CLK_DOMAIN {} \
  CONFIG.S00_AXI_CLK.FREQ_HZ {100000000} \
  CONFIG.S00_AXI_CLK.FREQ_TOLERANCE_HZ {0} \
  CONFIG.S00_AXI_CLK.INSERT_VIP {0} \
  CONFIG.S00_AXI_CLK.PHASE {0.0} \
  CONFIG.S00_AXI_RST.INSERT_VIP {0} \
  CONFIG.S00_AXI_RST.POLARITY {ACTIVE_LOW} " [get_ips design_1_I2C_Reader_0_0]







Copyright 1986-2022 Xilinx, Inc. All Rights Reserved. Copyright 2022-2025 Advanced Micro Devices, Inc. All Rights Reserved.
---------------------------------------------------------------------------------------------------------------------------------------------
| Tool Version : Vivado v.2025.1 (win64) Build 6140274 Thu May 22 00:12:29 MDT 2025
| Date         : Wed Nov  5 20:58:33 2025
| Host         : EMBKSM running 64-bit major release  (build 9200)
| Command      : upgrade_ip
| Device       : xc7z020clg400-1
---------------------------------------------------------------------------------------------------------------------------------------------

Upgrade Log for IP 'design_1_I2C_Reader_2_0'

1. Summary
----------

SUCCESS in the update of design_1_I2C_Reader_2_0 (xilinx.com:user:I2C_Reader:1.0 (Rev. 1)) to current project options.






Copyright 1986-2022 Xilinx, Inc. All Rights Reserved. Copyright 2022-2025 Advanced Micro Devices, Inc. All Rights Reserved.
---------------------------------------------------------------------------------------------------------------------------------------------
| Tool Version : Vivado v.2025.1 (win64) Build 6140274 Thu May 22 00:12:29 MDT 2025
| Date         : Wed Nov  5 20:58:33 2025
| Host         : EMBKSM running 64-bit major release  (build 9200)
| Command      : upgrade_ip
| Device       : xc7z020clg400-1
---------------------------------------------------------------------------------------------------------------------------------------------

Upgrade Log for IP 'design_1_I2C_Reader_1_0'

1. Summary
----------

SUCCESS in the update of design_1_I2C_Reader_1_0 (xilinx.com:user:I2C_Reader:1.0 (Rev. 1)) to current project options.






Copyright 1986-2022 Xilinx, Inc. All Rights Reserved. Copyright 2022-2025 Advanced Micro Devices, Inc. All Rights Reserved.
---------------------------------------------------------------------------------------------------------------------------------------------
| Tool Version : Vivado v.2025.1 (win64) Build 6140274 Thu May 22 00:12:29 MDT 2025
| Date         : Wed Nov  5 20:58:33 2025
| Host         : EMBKSM running 64-bit major release  (build 9200)
| Command      : upgrade_ip
| Device       : xc7z020clg400-1
---------------------------------------------------------------------------------------------------------------------------------------------

Upgrade Log for IP 'design_1_I2C_Reader_0_0'

1. Summary
----------

SUCCESS in the update of design_1_I2C_Reader_0_0 (xilinx.com:user:I2C_Reader:1.0 (Rev. 1)) to current project options.

